<?xml version="1.0" encoding="UTF-8"?>
<testng-results skipped="0" failed="0" ignored="0" total="1" passed="1">
  <reporter-output>
  </reporter-output>
  <suite name="Default suite" duration-ms="43651" started-at="2020-01-29T11:48:13Z" finished-at="2020-01-29T11:48:56Z">
    <groups>
    </groups>
    <test name="Default test" duration-ms="43651" started-at="2020-01-29T11:48:13Z" finished-at="2020-01-29T11:48:56Z">
      <class name="ExecuteTest">
        <test-method status="PASS" signature="beforeMethod()[pri:0, instance:ExecuteTest@7f9a81e8]" name="beforeMethod" is-config="true" duration-ms="4921" started-at="2020-01-29T11:48:13Z" finished-at="2020-01-29T11:48:18Z">
          <reporter-output>
          </reporter-output>
        </test-method> <!-- beforeMethod -->
        <test-method status="PASS" signature="test001(java.lang.String, java.lang.String, java.lang.String, java.lang.String, java.lang.String, java.lang.String, java.lang.String, java.lang.String)[pri:0, instance:ExecuteTest@7f9a81e8]" name="test001" duration-ms="38674" started-at="2020-01-29T11:48:18Z" data-provider="dt_test001" finished-at="2020-01-29T11:48:56Z">
          <params>
            <param index="0">
              <value>
                <![CDATA[ayogalya@gmail.com]]>
              </value>
            </param>
            <param index="1">
              <value>
                <![CDATA[test123]]>
              </value>
            </param>
            <param index="2">
              <value>
                <![CDATA[London]]>
              </value>
            </param>
            <param index="3">
              <value>
                <![CDATA[Paris]]>
              </value>
            </param>
            <param index="4">
              <value>
                <![CDATA[April]]>
              </value>
            </param>
            <param index="5">
              <value>
                <![CDATA[25]]>
              </value>
            </param>
            <param index="6">
              <value>
                <![CDATA[Blue Skies Airlines]]>
              </value>
            </param>
            <param index="7">
              <value>
                <![CDATA[London to Paris]]>
              </value>
            </param>
          </params>
          <reporter-output>
          </reporter-output>
        </test-method> <!-- test001 -->
      </class> <!-- ExecuteTest -->
    </test> <!-- Default test -->
  </suite> <!-- Default suite -->
</testng-results>
